<?xml version="1.0" encoding="UTF-8"?>
<!-- Generated by org.testng.reporters.JUnitReportReporter -->
<testsuite hostname="DESKTOP-P0JEU1C" name="example.Amazon" tests="1" failures="0" timestamp="18 Mar 2020 11:39:01 GMT" time="12.746" errors="0">
  <testcase name="f" time="12.746" classname="example.Amazon"/>
</testsuite> <!-- example.Amazon -->
