<?xml version="1.0" encoding="UTF-8"?>
<!-- Generated by org.testng.reporters.JUnitReportReporter -->
<testsuite hostname="DESKTOP-P0JEU1C" name="example.searchproducts" tests="1" failures="0" timestamp="18 Mar 2020 15:53:55 GMT" time="41.535" errors="0">
  <testcase name="f" time="41.535" classname="example.searchproducts"/>
</testsuite> <!-- example.searchproducts -->
