<?xml version="1.0" encoding="UTF-8"?>
<!-- Generated by org.testng.reporters.JUnitReportReporter -->
<testsuite hostname="DESKTOP-P0JEU1C" name="example.Sigin_amazon" tests="1" failures="0" timestamp="18 Mar 2020 11:51:30 GMT" time="14.859" errors="0">
  <testcase name="f" time="14.859" classname="example.Sigin_amazon"/>
</testsuite> <!-- example.Sigin_amazon -->
