<?xml version="1.0" encoding="UTF-8"?>
<!-- Generated by org.testng.reporters.JUnitReportReporter -->
<testsuite hostname="DESKTOP-P0JEU1C" name="example.signin" tests="1" failures="0" timestamp="18 Mar 2020 12:55:28 GMT" time="11.960" errors="0">
  <testcase name="f" time="11.960" classname="example.signin"/>
</testsuite> <!-- example.signin -->
